Traceback (most recent call last):
  File "/Users/madsbertelsen/opt/anaconda3/lib/python3.8/site-packages/jupyter_cache/executors/utils.py", line 51, in single_nb_execution
    executenb(
  File "/Users/madsbertelsen/opt/anaconda3/lib/python3.8/site-packages/nbclient/client.py", line 1112, in execute
    return NotebookClient(nb=nb, resources=resources, km=km, **kwargs).execute()
  File "/Users/madsbertelsen/opt/anaconda3/lib/python3.8/site-packages/nbclient/util.py", line 74, in wrapped
    return just_run(coro(*args, **kwargs))
  File "/Users/madsbertelsen/opt/anaconda3/lib/python3.8/site-packages/nbclient/util.py", line 53, in just_run
    return loop.run_until_complete(coro)
  File "/Users/madsbertelsen/opt/anaconda3/lib/python3.8/asyncio/base_events.py", line 616, in run_until_complete
    return future.result()
  File "/Users/madsbertelsen/opt/anaconda3/lib/python3.8/site-packages/nbclient/client.py", line 553, in async_execute
    await self.async_execute_cell(
  File "/Users/madsbertelsen/opt/anaconda3/lib/python3.8/site-packages/nbclient/client.py", line 857, in async_execute_cell
    self._check_raise_for_error(cell, exec_reply)
  File "/Users/madsbertelsen/opt/anaconda3/lib/python3.8/site-packages/nbclient/client.py", line 760, in _check_raise_for_error
    raise CellExecutionError.from_cell_and_msg(cell, exec_reply_content)
nbclient.exceptions.CellExecutionError: An error occurred while executing the following cell:
------------------
instr.show_diagram(analysis=True)
------------------

[0;31m---------------------------------------------------------------------------[0m
[0;31mRuntimeError[0m                              Traceback (most recent call last)
[0;32m<ipython-input-2-0c4738afb60e>[0m in [0;36m<module>[0;34m[0m
[0;32m----> 1[0;31m [0minstr[0m[0;34m.[0m[0mshow_diagram[0m[0;34m([0m[0manalysis[0m[0;34m=[0m[0;32mTrue[0m[0;34m)[0m[0;34m[0m[0;34m[0m[0m
[0m
[0;32m~/PaNOSC/McStasScript/github/McStasScript/mcstasscript/interface/instr.py[0m in [0;36mshow_diagram[0;34m(self, analysis, variable, limits)[0m
[1;32m   2721[0m             [0manalysis[0m [0;34m=[0m [0;32mTrue[0m[0;34m[0m[0;34m[0m[0m
[1;32m   2722[0m [0;34m[0m[0m
[0;32m-> 2723[0;31m         [0minstrument_diagram[0m[0;34m([0m[0mself[0m[0;34m,[0m [0manalysis[0m[0;34m=[0m[0manalysis[0m[0;34m,[0m [0mvariable[0m[0;34m=[0m[0mvariable[0m[0;34m,[0m [0mlimits[0m[0;34m=[0m[0mlimits[0m[0;34m)[0m[0;34m[0m[0;34m[0m[0m
[0m[1;32m   2724[0m [0;34m[0m[0m
[1;32m   2725[0m         [0;32mif[0m [0mself[0m[0;34m.[0m[0m_run_settings[0m[0;34m[[0m[0;34m"checks"[0m[0;34m][0m[0;34m:[0m[0;34m[0m[0;34m[0m[0m

[0;32m~/PaNOSC/McStasScript/github/McStasScript/mcstasscript/instrument_diagram/make_diagram.py[0m in [0;36minstrument_diagram[0;34m(instrument, analysis, variable, limits)[0m
[1;32m     92[0m [0;34m[0m[0m
[1;32m     93[0m     [0;31m# Plot diagram[0m[0;34m[0m[0;34m[0m[0;34m[0m[0m
[0;32m---> 94[0;31m     [0mcanvas[0m[0;34m.[0m[0mplot[0m[0;34m([0m[0;34m)[0m[0;34m[0m[0;34m[0m[0m
[0m
[0;32m~/PaNOSC/McStasScript/github/McStasScript/mcstasscript/instrument_diagram/canvas.py[0m in [0;36mplot[0;34m(self)[0m
[1;32m    411[0m             [0;31m# Plot graph, convey tick positions and ylimits to match main diagram[0m[0;34m[0m[0;34m[0m[0;34m[0m[0m
[1;32m    412[0m             [0mself[0m[0;34m.[0m[0mintensity_diagnostics[0m[0;34m.[0m[0mrun_general[0m[0;34m([0m[0mvariable[0m[0;34m=[0m[0mself[0m[0;34m.[0m[0mvariable[0m[0;34m,[0m [0mlimits[0m[0;34m=[0m[0mself[0m[0;34m.[0m[0mlimits[0m[0;34m)[0m[0;34m[0m[0;34m[0m[0m
[0;32m--> 413[0;31m             self.intensity_diagnostics.plot(ax=inset_ax, fig=fig,
[0m[1;32m    414[0m                                             [0my_tick_positions[0m[0;34m=[0m[0my_positions[0m[0;34m,[0m[0;34m[0m[0;34m[0m[0m
[1;32m    415[0m                                             [0mylimits[0m[0;34m=[0m[0;34m[[0m[0mlower_y_lim[0m[0;34m,[0m [0mupper_y_lim[0m[0;34m][0m[0;34m,[0m[0;34m[0m[0;34m[0m[0m

[0;32m~/PaNOSC/McStasScript/github/McStasScript/mcstasscript/instrument_diagnostics/intensity_diagnostics.py[0m in [0;36mplot[0;34m(self, figsize, ax, fig, show_comp_names, y_tick_positions, ylimits)[0m
[1;32m     78[0m [0;34m[0m[0m
[1;32m     79[0m         [0;32mif[0m [0mself[0m[0;34m.[0m[0mdata_dim[0m [0;34m==[0m [0;36m0[0m[0;34m:[0m[0;34m[0m[0;34m[0m[0m
[0;32m---> 80[0;31m             self.plot_0D(figsize=figsize, ax=ax, fig=fig,
[0m[1;32m     81[0m                          [0mshow_comp_names[0m[0;34m=[0m[0mshow_comp_names[0m[0;34m,[0m[0;34m[0m[0;34m[0m[0m
[1;32m     82[0m                          [0my_tick_positions[0m[0;34m=[0m[0my_tick_positions[0m[0;34m,[0m[0;34m[0m[0;34m[0m[0m

[0;32m~/PaNOSC/McStasScript/github/McStasScript/mcstasscript/instrument_diagnostics/intensity_diagnostics.py[0m in [0;36mplot_0D[0;34m(self, figsize, ax, fig, show_comp_names, y_tick_positions, ylimits)[0m
[1;32m    172[0m         [0mindex[0m [0;34m=[0m [0;36m0[0m[0;34m[0m[0;34m[0m[0m
[1;32m    173[0m         [0;32mfor[0m [0mI_monitor_name[0m[0;34m,[0m [0mcomponent_name[0m [0;32min[0m [0mself[0m[0;34m.[0m[0mmonitors[0m[0;34m:[0m[0;34m[0m[0;34m[0m[0m
[0;32m--> 174[0;31m             [0mmon_data[0m [0;34m=[0m [0mname_search[0m[0;34m([0m[0mI_monitor_name[0m[0;34m,[0m [0mself[0m[0;34m.[0m[0mdata[0m[0;34m)[0m[0;34m[0m[0;34m[0m[0m
[0m[1;32m    175[0m             [0mvalues[0m [0;34m=[0m [0mmon_data[0m[0;34m.[0m[0mmetadata[0m[0;34m.[0m[0minfo[0m[0;34m[[0m[0;34m"values"[0m[0;34m][0m[0;34m.[0m[0msplit[0m[0;34m([0m[0;34m)[0m[0;34m[0m[0;34m[0m[0m
[1;32m    176[0m             [0;31m# values contain strings of: Intensity, Error, Ncount[0m[0;34m[0m[0;34m[0m[0;34m[0m[0m

[0;32m~/PaNOSC/McStasScript/github/McStasScript/mcstasscript/interface/functions.py[0m in [0;36mname_search[0;34m(name, data_list)[0m
[1;32m     26[0m     """
[1;32m     27[0m     [0;32mif[0m [0mtype[0m[0;34m([0m[0mdata_list[0m[0;34m)[0m [0;32mis[0m [0;32mnot[0m [0mlist[0m[0;34m:[0m[0;34m[0m[0;34m[0m[0m
[0;32m---> 28[0;31m         raise RuntimeError(
[0m[1;32m     29[0m             "name_search function needs list of McStasData as input.")
[1;32m     30[0m [0;34m[0m[0m

[0;31mRuntimeError[0m: name_search function needs list of McStasData as input.
RuntimeError: name_search function needs list of McStasData as input.

